app/build/outputs/logs/manifest-merger-debug-report.txt
-- Merging decision tree log ---
manifest
ADDED from Examanager\app\AndroidManifest.xml:2:1-49:12
	package
		ADDED from Examanager\app\AndroidManifest.xml:3:5-35
	android:versionName
		ADDED from Examanager\app\AndroidManifest.xml:6:5-30
		INJECTED from Examanager\app\AndroidManifest.xml
		INJECTED from Examanager\app\AndroidManifest.xml
	android:versionCode
		ADDED from Examanager\app\AndroidManifest.xml:5:5-28
		INJECTED from Examanager\app\AndroidManifest.xml
		INJECTED from Examanager\app\AndroidManifest.xml
	xmlns:android
		ADDED from Examanager\app\AndroidManifest.xml:2:11-69
	android:installLocation
		ADDED from Examanager\app\AndroidManifest.xml:4:5-43
uses-sdk
ADDED from Examanager\app\AndroidManifest.xml:8:5-10:41
MERGED from [Examanager.libs:SmartSync:unspecified] AndroidManifest.xml:7:5-9:41
MERGED from [Examanager.libs:SmartStore:unspecified] AndroidManifest.xml:7:5-9:41
MERGED from [Examanager.libs:SalesforceSDK:unspecified] AndroidManifest.xml:7:5-9:41
MERGED from [Examanager.libs:SalesforceAnalytics:unspecified] AndroidManifest.xml:7:5-9:41
MERGED from [net.zetetic:android-database-sqlcipher:3.5.2] AndroidManifest.xml:3:3-40
MERGED from [com.google.android.gms:play-services:10.0.1] AndroidManifest.xml:4:5-42
MERGED from [com.google.android.gms:play-services-ads:10.0.1] AndroidManifest.xml:17:5-42
MERGED from [com.google.android.gms:play-services-ads-lite:10.0.1] AndroidManifest.xml:22:5-42
MERGED from [com.google.android.gms:play-services-analytics:10.0.1] AndroidManifest.xml:17:5-42
MERGED from [com.google.android.gms:play-services-appinvite:10.0.1] AndroidManifest.xml:17:5-42
MERGED from [com.google.android.gms:play-services-auth:10.0.1] AndroidManifest.xml:17:5-42
MERGED from [com.google.android.gms:play-services-auth-base:10.0.1] AndroidManifest.xml:4:5-42
MERGED from [com.google.android.gms:play-services-cast-framework:10.0.1] AndroidManifest.xml:3:5-42
MERGED from [com.google.android.gms:play-services-cast:10.0.1] AndroidManifest.xml:17:5-42
MERGED from [com.android.support:mediarouter-v7:24.0.0] AndroidManifest.xml:20:5-43
MERGED from [com.android.support:palette-v7:24.0.0] AndroidManifest.xml:20:5-43
MERGED from [com.google.android.gms:play-services-clearcut:10.0.1] AndroidManifest.xml:17:5-42
MERGED from [com.google.firebase:firebase-config:10.0.1] AndroidManifest.xml:17:5-42
MERGED from [com.google.android.gms:play-services-awareness:10.0.1] AndroidManifest.xml:17:5-42
MERGED from [com.google.firebase:firebase-crash:10.0.1] AndroidManifest.xml:20:5-42
MERGED from [com.google.firebase:firebase-auth:10.0.1] AndroidManifest.xml:17:5-42
MERGED from [com.google.firebase:firebase-database:10.0.1] AndroidManifest.xml:3:5-42
MERGED from [com.google.firebase:firebase-database-connection:10.0.1] AndroidManifest.xml:3:5-42
MERGED from [com.google.firebase:firebase-messaging:10.0.1] AndroidManifest.xml:17:5-42
MERGED from [com.google.firebase:firebase-storage:10.0.1] AndroidManifest.xml:3:5-42
MERGED from [com.google.firebase:firebase-storage-common:10.0.1] AndroidManifest.xml:3:5-42
MERGED from [com.google.android.gms:play-services-fitness:10.0.1] AndroidManifest.xml:17:5-42
MERGED from [com.google.android.gms:play-services-games:10.0.1] AndroidManifest.xml:17:5-42
MERGED from [com.google.android.gms:play-services-drive:10.0.1] AndroidManifest.xml:17:5-42
MERGED from [com.google.android.gms:play-services-gass:10.0.1] AndroidManifest.xml:3:5-42
MERGED from [com.google.android.gms:play-services-gcm:10.0.1] AndroidManifest.xml:17:5-42
MERGED from [com.google.firebase:firebase-appindexing:10.0.1] AndroidManifest.xml:17:5-42
MERGED from [com.google.android.gms:play-services-iid:10.0.1] AndroidManifest.xml:17:5-42
MERGED from [com.google.android.gms:play-services-instantapps:10.0.1] AndroidManifest.xml:3:5-42
MERGED from [com.google.android.gms:play-services-location:10.0.1] AndroidManifest.xml:3:5-42
MERGED from [com.google.android.gms:play-services-nearby:10.0.1] AndroidManifest.xml:3:5-42
MERGED from [com.google.android.gms:play-services-panorama:10.0.1] AndroidManifest.xml:17:5-42
MERGED from [com.google.android.gms:play-services-places:10.0.1] AndroidManifest.xml:17:5-42
MERGED from [com.google.android.gms:play-services-plus:10.0.1] AndroidManifest.xml:17:5-42
MERGED from [com.google.android.gms:play-services-safetynet:10.0.1] AndroidManifest.xml:17:5-42
MERGED from [com.google.android.gms:play-services-tagmanager:10.0.1] AndroidManifest.xml:17:5-42
MERGED from [com.google.android.gms:play-services-tagmanager-api:10.0.1] AndroidManifest.xml:17:5-42
MERGED from [com.google.firebase:firebase-analytics:10.0.1] AndroidManifest.xml:17:5-42
MERGED from [com.google.firebase:firebase-analytics-impl:10.0.1] AndroidManifest.xml:17:5-42
MERGED from [com.google.firebase:firebase-iid:10.0.1] AndroidManifest.xml:17:5-42
MERGED from [com.google.firebase:firebase-common:10.0.1] AndroidManifest.xml:3:5-42
MERGED from [com.google.android.gms:play-services-tagmanager-v4-impl:10.0.1] AndroidManifest.xml:17:5-42
MERGED from [com.google.android.gms:play-services-analytics-impl:10.0.1] AndroidManifest.xml:17:5-42
MERGED from [com.google.android.gms:play-services-vision:10.0.1] AndroidManifest.xml:3:5-42
MERGED from [com.google.android.gms:play-services-wallet:10.0.1] AndroidManifest.xml:18:5-42
MERGED from [com.google.android.gms:play-services-identity:10.0.1] AndroidManifest.xml:17:5-42
MERGED from [com.google.android.gms:play-services-maps:10.0.1] AndroidManifest.xml:23:5-42
MERGED from [com.google.android.gms:play-services-wearable:10.0.1] AndroidManifest.xml:17:5-42
MERGED from [com.google.android.gms:play-services-base:10.0.1] AndroidManifest.xml:17:5-42
MERGED from [com.google.android.gms:play-services-tasks:10.0.1] AndroidManifest.xml:3:5-42
MERGED from [com.google.android.gms:play-services-basement:10.0.1] AndroidManifest.xml:17:5-42
MERGED from [com.android.support:design:25.1.1] AndroidManifest.xml:21:5-23:62
MERGED from [com.android.support:appcompat-v7:25.1.1] AndroidManifest.xml:21:5-23:78
MERGED from [com.android.support:animated-vector-drawable:25.1.1] AndroidManifest.xml:20:5-44
MERGED from [com.android.support:support-vector-drawable:25.1.1] AndroidManifest.xml:21:5-43
MERGED from [com.android.support:transition:25.1.1] AndroidManifest.xml:20:5-44
MERGED from [com.android.support:support-v4:25.1.1] AndroidManifest.xml:21:5-23:54
MERGED from [com.android.support:support-fragment:25.1.1] AndroidManifest.xml:21:5-23:60
MERGED from [com.android.support:support-media-compat:25.1.1] AndroidManifest.xml:21:5-23:63
MERGED from [com.android.support:support-core-utils:25.1.1] AndroidManifest.xml:21:5-23:61
MERGED from [com.android.support:cardview-v7:25.1.1] AndroidManifest.xml:20:5-43
MERGED from [com.android.support:recyclerview-v7:25.1.1] AndroidManifest.xml:20:5-43
MERGED from [com.android.support:support-core-ui:25.1.1] AndroidManifest.xml:21:5-23:58
MERGED from [com.android.support:support-compat:25.1.1] AndroidManifest.xml:21:5-23:58
MERGED from [com.jakewharton:butterknife:8.4.0] AndroidManifest.xml:5:5-43
	tools:overrideLibrary
		ADDED from [com.android.support:design:25.1.1] AndroidManifest.xml:23:9-59
	android:targetSdkVersion
		ADDED from Examanager\app\AndroidManifest.xml:10:9-38
	android:minSdkVersion
		ADDED from Examanager\app\AndroidManifest.xml:9:9-35
permission#com.yohan.examanager.C2D_MESSAGE
ADDED from Examanager\app\AndroidManifest.xml:17:5-19:47
	android:protectionLevel
		ADDED from Examanager\app\AndroidManifest.xml:19:9-44
	android:name
		ADDED from Examanager\app\AndroidManifest.xml:18:9-56
uses-permission#android.permission.ACCESS_COARSE_LOCATION
ADDED from Examanager\app\AndroidManifest.xml:21:5-81
	android:name
		ADDED from Examanager\app\AndroidManifest.xml:21:22-78
uses-permission#android.permission.ACCESS_FINE_LOCATION
ADDED from Examanager\app\AndroidManifest.xml:22:5-79
	android:name
		ADDED from Examanager\app\AndroidManifest.xml:22:22-76
uses-permission#com.yohan.examanager.C2D_MESSAGE
ADDED from Examanager\app\AndroidManifest.xml:23:5-72
	android:name
		ADDED from Examanager\app\AndroidManifest.xml:23:22-69
android:uses-permission#android.permission.WRITE_EXTERNAL_STORAGE
ADDED from Examanager\app\AndroidManifest.xml:25:5-89
	android:name
		ADDED from Examanager\app\AndroidManifest.xml:25:30-86
android:uses-permission#android.permission.READ_PHONE_STATE
ADDED from Examanager\app\AndroidManifest.xml:26:5-83
	android:name
		ADDED from Examanager\app\AndroidManifest.xml:26:30-80
android:uses-permission#android.permission.READ_EXTERNAL_STORAGE
ADDED from Examanager\app\AndroidManifest.xml:27:5-88
	android:name
		ADDED from Examanager\app\AndroidManifest.xml:27:30-85
application
ADDED from Examanager\app\AndroidManifest.xml:29:5-47:19
MERGED from [Examanager.libs:SmartSync:unspecified] AndroidManifest.xml:11:5-20
MERGED from [Examanager.libs:SmartStore:unspecified] AndroidManifest.xml:11:5-15:19
MERGED from [Examanager.libs:SalesforceSDK:unspecified] AndroidManifest.xml:22:5-105:19
MERGED from [Examanager.libs:SalesforceAnalytics:unspecified] AndroidManifest.xml:14:5-20
MERGED from [com.google.android.gms:play-services:10.0.1] AndroidManifest.xml:5:5-20
MERGED from [com.google.android.gms:play-services-ads-lite:10.0.1] AndroidManifest.xml:23:5-27:19
MERGED from [com.google.android.gms:play-services-analytics:10.0.1] AndroidManifest.xml:26:5-19
MERGED from [com.google.android.gms:play-services-appinvite:10.0.1] AndroidManifest.xml:19:5-26:19
MERGED from [com.google.android.gms:play-services-auth:10.0.1] AndroidManifest.xml:19:5-25:19
MERGED from [com.google.android.gms:play-services-cast-framework:10.0.1] AndroidManifest.xml:4:5-8:19
MERGED from [com.google.android.gms:play-services-cast:10.0.1] AndroidManifest.xml:18:5-19
MERGED from [com.android.support:mediarouter-v7:24.0.0] AndroidManifest.xml:22:5-20
MERGED from [com.android.support:palette-v7:24.0.0] AndroidManifest.xml:22:5-23:19
MERGED from [com.google.android.gms:play-services-clearcut:10.0.1] AndroidManifest.xml:18:5-19
MERGED from [com.google.firebase:firebase-config:10.0.1] AndroidManifest.xml:18:5-19
MERGED from [com.google.android.gms:play-services-awareness:10.0.1] AndroidManifest.xml:18:5-19
MERGED from [com.google.firebase:firebase-crash:10.0.1] AndroidManifest.xml:22:5-23:19
MERGED from [com.google.firebase:firebase-auth:10.0.1] AndroidManifest.xml:19:5-20:19
MERGED from [com.google.firebase:firebase-messaging:10.0.1] AndroidManifest.xml:19:5-29:19
MERGED from [com.google.android.gms:play-services-fitness:10.0.1] AndroidManifest.xml:18:5-19
MERGED from [com.google.android.gms:play-services-games:10.0.1] AndroidManifest.xml:18:5-19
MERGED from [com.google.android.gms:play-services-drive:10.0.1] AndroidManifest.xml:18:5-19
MERGED from [com.google.android.gms:play-services-gass:10.0.1] AndroidManifest.xml:4:5-19
MERGED from [com.google.android.gms:play-services-gcm:10.0.1] AndroidManifest.xml:23:5-19
MERGED from [com.google.firebase:firebase-appindexing:10.0.1] AndroidManifest.xml:18:5-19
MERGED from [com.google.android.gms:play-services-iid:10.0.1] AndroidManifest.xml:23:5-19
MERGED from [com.google.android.gms:play-services-location:10.0.1] AndroidManifest.xml:4:5-19
MERGED from [com.google.android.gms:play-services-nearby:10.0.1] AndroidManifest.xml:5:5-19
MERGED from [com.google.android.gms:play-services-panorama:10.0.1] AndroidManifest.xml:18:5-19
MERGED from [com.google.android.gms:play-services-places:10.0.1] AndroidManifest.xml:18:5-19
MERGED from [com.google.android.gms:play-services-plus:10.0.1] AndroidManifest.xml:18:5-19
MERGED from [com.google.android.gms:play-services-safetynet:10.0.1] AndroidManifest.xml:18:5-19
MERGED from [com.google.android.gms:play-services-tagmanager-api:10.0.1] AndroidManifest.xml:23:5-33:19
MERGED from [com.google.firebase:firebase-analytics:10.0.1] AndroidManifest.xml:24:5-33:19
MERGED from [com.google.firebase:firebase-analytics-impl:10.0.1] AndroidManifest.xml:24:5-28:19
MERGED from [com.google.firebase:firebase-iid:10.0.1] AndroidManifest.xml:28:5-50:19
MERGED from [com.google.firebase:firebase-common:10.0.1] AndroidManifest.xml:4:5-7:19
MERGED from [com.google.android.gms:play-services-tagmanager-v4-impl:10.0.1] AndroidManifest.xml:19:5-19
MERGED from [com.google.android.gms:play-services-analytics-impl:10.0.1] AndroidManifest.xml:26:5-19
MERGED from [com.google.android.gms:play-services-vision:10.0.1] AndroidManifest.xml:4:5-19
MERGED from [com.google.android.gms:play-services-identity:10.0.1] AndroidManifest.xml:18:5-19
MERGED from [com.google.android.gms:play-services-maps:10.0.1] AndroidManifest.xml:24:5-19
MERGED from [com.google.android.gms:play-services-wearable:10.0.1] AndroidManifest.xml:18:5-19
MERGED from [com.google.android.gms:play-services-base:10.0.1] AndroidManifest.xml:18:5-20:19
MERGED from [com.google.android.gms:play-services-tasks:10.0.1] AndroidManifest.xml:4:5-19
MERGED from [com.google.android.gms:play-services-basement:10.0.1] AndroidManifest.xml:19:5-21:19
MERGED from [com.android.support:design:25.1.1] AndroidManifest.xml:25:5-20
MERGED from [com.android.support:appcompat-v7:25.1.1] AndroidManifest.xml:25:5-20
MERGED from [com.android.support:animated-vector-drawable:25.1.1] AndroidManifest.xml:22:5-20
MERGED from [com.android.support:support-vector-drawable:25.1.1] AndroidManifest.xml:23:5-20
MERGED from [com.android.support:transition:25.1.1] AndroidManifest.xml:22:5-20
MERGED from [com.android.support:support-v4:25.1.1] AndroidManifest.xml:25:5-20
MERGED from [com.android.support:support-fragment:25.1.1] AndroidManifest.xml:25:5-20
MERGED from [com.android.support:support-media-compat:25.1.1] AndroidManifest.xml:25:5-20
MERGED from [com.android.support:support-core-utils:25.1.1] AndroidManifest.xml:25:5-20
MERGED from [com.android.support:cardview-v7:25.1.1] AndroidManifest.xml:22:5-20
MERGED from [com.android.support:support-core-ui:25.1.1] AndroidManifest.xml:25:5-20
MERGED from [com.android.support:support-compat:25.1.1] AndroidManifest.xml:25:5-20
	android:label
		ADDED from Examanager\app\AndroidManifest.xml:32:9-41
	android:manageSpaceActivity
		ADDED from Examanager\app\AndroidManifest.xml:33:9-87
	android:icon
		ADDED from Examanager\app\AndroidManifest.xml:31:9-45
	android:name
		ADDED from Examanager\app\AndroidManifest.xml:30:9-40
activity#com.yohan.examanager.activity.MainActivity
ADDED from Examanager\app\AndroidManifest.xml:36:9-45:20
	android:label
		ADDED from Examanager\app\AndroidManifest.xml:38:13-45
	android:theme
		ADDED from Examanager\app\AndroidManifest.xml:39:13-44
	android:name
		ADDED from Examanager\app\AndroidManifest.xml:37:13-50
intent-filter#android.intent.action.MAIN+android.intent.category.LAUNCHER
ADDED from Examanager\app\AndroidManifest.xml:40:13-44:29
action#android.intent.action.MAIN
ADDED from Examanager\app\AndroidManifest.xml:41:17-69
	android:name
		ADDED from Examanager\app\AndroidManifest.xml:41:25-66
category#android.intent.category.LAUNCHER
ADDED from Examanager\app\AndroidManifest.xml:43:17-77
	android:name
		ADDED from Examanager\app\AndroidManifest.xml:43:27-74
activity#com.yohan.examanager.activity.ExamActivity
ADDED from Examanager\app\AndroidManifest.xml:46:9-68
	android:name
		ADDED from Examanager\app\AndroidManifest.xml:46:19-56
activity#com.salesforce.androidsdk.smartstore.ui.SmartStoreInspectorActivity
ADDED from [Examanager.libs:SmartStore:unspecified] AndroidManifest.xml:14:9-104
	android:name
		ADDED from [Examanager.libs:SmartStore:unspecified] AndroidManifest.xml:14:19-101
uses-permission#android.permission.AUTHENTICATE_ACCOUNTS
ADDED from [Examanager.libs:SalesforceSDK:unspecified] AndroidManifest.xml:11:5-80
	android:name
		ADDED from [Examanager.libs:SalesforceSDK:unspecified] AndroidManifest.xml:11:22-77
uses-permission#android.permission.GET_ACCOUNTS
ADDED from [Examanager.libs:SalesforceSDK:unspecified] AndroidManifest.xml:12:5-71
	android:name
		ADDED from [Examanager.libs:SalesforceSDK:unspecified] AndroidManifest.xml:12:22-68
uses-permission#android.permission.MANAGE_ACCOUNTS
ADDED from [Examanager.libs:SalesforceSDK:unspecified] AndroidManifest.xml:13:5-74
	android:name
		ADDED from [Examanager.libs:SalesforceSDK:unspecified] AndroidManifest.xml:13:22-71
uses-permission#android.permission.USE_CREDENTIALS
ADDED from [Examanager.libs:SalesforceSDK:unspecified] AndroidManifest.xml:14:5-74
	android:name
		ADDED from [Examanager.libs:SalesforceSDK:unspecified] AndroidManifest.xml:14:22-71
uses-permission#android.permission.WAKE_LOCK
ADDED from [Examanager.libs:SalesforceSDK:unspecified] AndroidManifest.xml:15:5-68
MERGED from [com.google.android.gms:play-services-analytics:10.0.1] AndroidManifest.xml:24:5-67
MERGED from [com.google.firebase:firebase-analytics:10.0.1] AndroidManifest.xml:22:5-67
MERGED from [com.google.firebase:firebase-analytics-impl:10.0.1] AndroidManifest.xml:22:5-67
MERGED from [com.google.firebase:firebase-iid:10.0.1] AndroidManifest.xml:21:5-67
MERGED from [com.google.android.gms:play-services-analytics-impl:10.0.1] AndroidManifest.xml:24:5-67
	android:name
		ADDED from [Examanager.libs:SalesforceSDK:unspecified] AndroidManifest.xml:15:22-65
uses-permission#android.permission.GET_TASKS
ADDED from [Examanager.libs:SalesforceSDK:unspecified] AndroidManifest.xml:16:5-68
	android:name
		ADDED from [Examanager.libs:SalesforceSDK:unspecified] AndroidManifest.xml:16:22-65
uses-permission#com.google.android.c2dm.permission.RECEIVE
ADDED from [Examanager.libs:SalesforceSDK:unspecified] AndroidManifest.xml:17:5-82
MERGED from [com.google.android.gms:play-services-gcm:10.0.1] AndroidManifest.xml:20:5-81
MERGED from [com.google.android.gms:play-services-iid:10.0.1] AndroidManifest.xml:20:5-81
MERGED from [com.google.firebase:firebase-iid:10.0.1] AndroidManifest.xml:22:5-81
	android:name
		ADDED from [Examanager.libs:SalesforceSDK:unspecified] AndroidManifest.xml:17:22-79
uses-permission-sdk-23
ADDED from [Examanager.libs:SalesforceSDK:unspecified] AndroidManifest.xml:20:5-81
	android:name
		ADDED from [Examanager.libs:SalesforceSDK:unspecified] AndroidManifest.xml:20:29-78
meta-data#android.content.APP_RESTRICTIONS
ADDED from [Examanager.libs:SalesforceSDK:unspecified] AndroidManifest.xml:25:9-27:56
	android:resource
		ADDED from [Examanager.libs:SalesforceSDK:unspecified] AndroidManifest.xml:27:13-53
	android:name
		ADDED from [Examanager.libs:SalesforceSDK:unspecified] AndroidManifest.xml:26:13-60
service#com.salesforce.androidsdk.auth.AuthenticatorService
ADDED from [Examanager.libs:SalesforceSDK:unspecified] AndroidManifest.xml:30:9-40:19
	android:exported
		ADDED from [Examanager.libs:SalesforceSDK:unspecified] AndroidManifest.xml:32:13-36
	android:name
		ADDED from [Examanager.libs:SalesforceSDK:unspecified] AndroidManifest.xml:31:13-79
intent-filter#android.accounts.AccountAuthenticator
ADDED from [Examanager.libs:SalesforceSDK:unspecified] AndroidManifest.xml:33:13-35:29
action#android.accounts.AccountAuthenticator
ADDED from [Examanager.libs:SalesforceSDK:unspecified] AndroidManifest.xml:34:17-80
	android:name
		ADDED from [Examanager.libs:SalesforceSDK:unspecified] AndroidManifest.xml:34:25-77
meta-data#android.accounts.AccountAuthenticator
ADDED from [Examanager.libs:SalesforceSDK:unspecified] AndroidManifest.xml:37:13-39:57
	android:resource
		ADDED from [Examanager.libs:SalesforceSDK:unspecified] AndroidManifest.xml:39:17-54
	android:name
		ADDED from [Examanager.libs:SalesforceSDK:unspecified] AndroidManifest.xml:38:17-69
activity#com.salesforce.androidsdk.ui.LoginActivity
ADDED from [Examanager.libs:SalesforceSDK:unspecified] AndroidManifest.xml:43:9-45:67
	android:theme
		ADDED from [Examanager.libs:SalesforceSDK:unspecified] AndroidManifest.xml:45:13-64
	android:name
		ADDED from [Examanager.libs:SalesforceSDK:unspecified] AndroidManifest.xml:44:13-70
activity#com.salesforce.androidsdk.ui.PasscodeActivity
ADDED from [Examanager.libs:SalesforceSDK:unspecified] AndroidManifest.xml:48:9-50:67
	android:theme
		ADDED from [Examanager.libs:SalesforceSDK:unspecified] AndroidManifest.xml:50:13-64
	android:name
		ADDED from [Examanager.libs:SalesforceSDK:unspecified] AndroidManifest.xml:49:13-73
activity#com.salesforce.androidsdk.ui.ManageSpaceActivity
ADDED from [Examanager.libs:SalesforceSDK:unspecified] AndroidManifest.xml:53:9-56:67
	android:excludeFromRecents
		ADDED from [Examanager.libs:SalesforceSDK:unspecified] AndroidManifest.xml:55:13-46
	android:theme
		ADDED from [Examanager.libs:SalesforceSDK:unspecified] AndroidManifest.xml:56:13-64
	android:name
		ADDED from [Examanager.libs:SalesforceSDK:unspecified] AndroidManifest.xml:54:13-76
activity#com.salesforce.androidsdk.ui.ServerPickerActivity
ADDED from [Examanager.libs:SalesforceSDK:unspecified] AndroidManifest.xml:59:9-62:67
	android:excludeFromRecents
		ADDED from [Examanager.libs:SalesforceSDK:unspecified] AndroidManifest.xml:61:13-46
	android:theme
		ADDED from [Examanager.libs:SalesforceSDK:unspecified] AndroidManifest.xml:62:13-64
	android:name
		ADDED from [Examanager.libs:SalesforceSDK:unspecified] AndroidManifest.xml:60:13-77
activity#com.salesforce.androidsdk.ui.AccountSwitcherActivity
ADDED from [Examanager.libs:SalesforceSDK:unspecified] AndroidManifest.xml:65:9-68:67
	android:excludeFromRecents
		ADDED from [Examanager.libs:SalesforceSDK:unspecified] AndroidManifest.xml:67:13-46
	android:theme
		ADDED from [Examanager.libs:SalesforceSDK:unspecified] AndroidManifest.xml:68:13-64
	android:name
		ADDED from [Examanager.libs:SalesforceSDK:unspecified] AndroidManifest.xml:66:13-80
receiver#com.salesforce.androidsdk.push.PushBroadcastReceiver
ADDED from [Examanager.libs:SalesforceSDK:unspecified] AndroidManifest.xml:74:9-88:20
	android:exported
		ADDED from [Examanager.libs:SalesforceSDK:unspecified] AndroidManifest.xml:76:13-36
	android:permission
		ADDED from [Examanager.libs:SalesforceSDK:unspecified] AndroidManifest.xml:77:13-73
	android:name
		ADDED from [Examanager.libs:SalesforceSDK:unspecified] AndroidManifest.xml:75:13-80
intent-filter#${applicationId}+com.google.android.c2dm.intent.RECEIVE
ADDED from [Examanager.libs:SalesforceSDK:unspecified] AndroidManifest.xml:78:13-82:29
action#com.google.android.c2dm.intent.RECEIVE
ADDED from [Examanager.libs:SalesforceSDK:unspecified] AndroidManifest.xml:79:17-81
	android:name
		ADDED from [Examanager.libs:SalesforceSDK:unspecified] AndroidManifest.xml:79:25-78
category#${applicationId}
ADDED from [Examanager.libs:SalesforceSDK:unspecified] AndroidManifest.xml:81:17-61
	android:name
		ADDED from [Examanager.libs:SalesforceSDK:unspecified] AndroidManifest.xml:81:27-58
		INJECTED from Examanager\app\AndroidManifest.xml
		INJECTED from Examanager\app\AndroidManifest.xml
		INJECTED from Examanager\app\AndroidManifest.xml
intent-filter#${applicationId}+com.google.android.c2dm.intent.REGISTRATION
ADDED from [Examanager.libs:SalesforceSDK:unspecified] AndroidManifest.xml:83:13-87:29
action#com.google.android.c2dm.intent.REGISTRATION
ADDED from [Examanager.libs:SalesforceSDK:unspecified] AndroidManifest.xml:84:17-86
	android:name
		ADDED from [Examanager.libs:SalesforceSDK:unspecified] AndroidManifest.xml:84:25-83
receiver#com.salesforce.androidsdk.push.PushService$RetryRegistrationAlarmReceiver
ADDED from [Examanager.libs:SalesforceSDK:unspecified] AndroidManifest.xml:89:9-91:40
	android:exported
		ADDED from [Examanager.libs:SalesforceSDK:unspecified] AndroidManifest.xml:91:13-37
	android:name
		ADDED from [Examanager.libs:SalesforceSDK:unspecified] AndroidManifest.xml:90:13-101
receiver#com.salesforce.androidsdk.push.PushService$SFDCRegistrationRetryAlarmReceiver
ADDED from [Examanager.libs:SalesforceSDK:unspecified] AndroidManifest.xml:92:9-94:40
	android:exported
		ADDED from [Examanager.libs:SalesforceSDK:unspecified] AndroidManifest.xml:94:13-37
	android:name
		ADDED from [Examanager.libs:SalesforceSDK:unspecified] AndroidManifest.xml:93:13-105
receiver#com.salesforce.androidsdk.push.PushService$UnregisterRetryAlarmReceiver
ADDED from [Examanager.libs:SalesforceSDK:unspecified] AndroidManifest.xml:95:9-97:40
	android:exported
		ADDED from [Examanager.libs:SalesforceSDK:unspecified] AndroidManifest.xml:97:13-37
	android:name
		ADDED from [Examanager.libs:SalesforceSDK:unspecified] AndroidManifest.xml:96:13-99
service#com.salesforce.androidsdk.push.PushService
ADDED from [Examanager.libs:SalesforceSDK:unspecified] AndroidManifest.xml:99:9-101:40
	android:exported
		ADDED from [Examanager.libs:SalesforceSDK:unspecified] AndroidManifest.xml:101:13-37
	android:name
		ADDED from [Examanager.libs:SalesforceSDK:unspecified] AndroidManifest.xml:100:13-70
service#com.salesforce.androidsdk.analytics.AnalyticsPublisherService
ADDED from [Examanager.libs:SalesforceSDK:unspecified] AndroidManifest.xml:102:9-104:40
	android:exported
		ADDED from [Examanager.libs:SalesforceSDK:unspecified] AndroidManifest.xml:104:13-37
	android:name
		ADDED from [Examanager.libs:SalesforceSDK:unspecified] AndroidManifest.xml:103:13-89
uses-permission#android.permission.INTERNET
ADDED from [Examanager.libs:SalesforceAnalytics:unspecified] AndroidManifest.xml:11:5-67
MERGED from [com.google.android.gms:play-services-ads-lite:10.0.1] AndroidManifest.xml:19:5-66
MERGED from [com.google.android.gms:play-services-analytics:10.0.1] AndroidManifest.xml:20:5-66
MERGED from [com.google.android.gms:play-services-appinvite:10.0.1] AndroidManifest.xml:18:5-66
MERGED from [com.google.firebase:firebase-crash:10.0.1] AndroidManifest.xml:18:5-66
MERGED from [com.google.android.gms:play-services-gcm:10.0.1] AndroidManifest.xml:21:5-66
MERGED from [com.google.android.gms:play-services-iid:10.0.1] AndroidManifest.xml:21:5-66
MERGED from [com.google.android.gms:play-services-tagmanager-api:10.0.1] AndroidManifest.xml:20:5-66
MERGED from [com.google.firebase:firebase-analytics:10.0.1] AndroidManifest.xml:20:5-66
MERGED from [com.google.firebase:firebase-analytics-impl:10.0.1] AndroidManifest.xml:20:5-66
MERGED from [com.google.firebase:firebase-iid:10.0.1] AndroidManifest.xml:20:5-66
MERGED from [com.google.android.gms:play-services-analytics-impl:10.0.1] AndroidManifest.xml:20:5-66
MERGED from [com.google.android.gms:play-services-maps:10.0.1] AndroidManifest.xml:20:5-66
	android:name
		ADDED from [Examanager.libs:SalesforceAnalytics:unspecified] AndroidManifest.xml:11:22-64
uses-permission#android.permission.ACCESS_NETWORK_STATE
ADDED from [Examanager.libs:SalesforceAnalytics:unspecified] AndroidManifest.xml:12:5-79
MERGED from [com.google.android.gms:play-services-ads-lite:10.0.1] AndroidManifest.xml:20:5-78
MERGED from [com.google.android.gms:play-services-analytics:10.0.1] AndroidManifest.xml:21:5-78
MERGED from [com.google.android.gms:play-services-nearby:10.0.1] AndroidManifest.xml:4:5-78
MERGED from [com.google.android.gms:play-services-tagmanager-api:10.0.1] AndroidManifest.xml:21:5-78
MERGED from [com.google.firebase:firebase-analytics:10.0.1] AndroidManifest.xml:21:5-78
MERGED from [com.google.firebase:firebase-analytics-impl:10.0.1] AndroidManifest.xml:21:5-78
MERGED from [com.google.firebase:firebase-iid:10.0.1] AndroidManifest.xml:19:5-78
MERGED from [com.google.android.gms:play-services-analytics-impl:10.0.1] AndroidManifest.xml:21:5-78
MERGED from [com.google.android.gms:play-services-maps:10.0.1] AndroidManifest.xml:19:5-78
	android:name
		ADDED from [Examanager.libs:SalesforceAnalytics:unspecified] AndroidManifest.xml:12:22-76
activity#com.google.android.gms.ads.AdActivity
ADDED from [com.google.android.gms:play-services-ads-lite:10.0.1] AndroidManifest.xml:25:9-232
	android:configChanges
		ADDED from [com.google.android.gms:play-services-ads-lite:10.0.1] AndroidManifest.xml:25:72-181
	android:theme
		ADDED from [com.google.android.gms:play-services-ads-lite:10.0.1] AndroidManifest.xml:25:182-230
	android:name
		ADDED from [com.google.android.gms:play-services-ads-lite:10.0.1] AndroidManifest.xml:25:19-71
activity#com.google.android.gms.ads.purchase.InAppPurchaseActivity
ADDED from [com.google.android.gms:play-services-ads-lite:10.0.1] AndroidManifest.xml:26:9-131
	android:theme
		ADDED from [com.google.android.gms:play-services-ads-lite:10.0.1] AndroidManifest.xml:26:92-129
	android:name
		ADDED from [com.google.android.gms:play-services-ads-lite:10.0.1] AndroidManifest.xml:26:19-91
activity#com.google.android.gms.appinvite.PreviewActivity
ADDED from [com.google.android.gms:play-services-appinvite:10.0.1] AndroidManifest.xml:20:9-25:20
	android:exported
		ADDED from [com.google.android.gms:play-services-appinvite:10.0.1] AndroidManifest.xml:20:51-74
	android:theme
		ADDED from [com.google.android.gms:play-services-appinvite:10.0.1] AndroidManifest.xml:20:75-121
	android:name
		ADDED from [com.google.android.gms:play-services-appinvite:10.0.1] AndroidManifest.xml:20:19-50
intent-filter#android.intent.category.DEFAULT+com.google.android.gms.appinvite.ACTION_PREVIEW
ADDED from [com.google.android.gms:play-services-appinvite:10.0.1] AndroidManifest.xml:21:13-24:29
action#com.google.android.gms.appinvite.ACTION_PREVIEW
ADDED from [com.google.android.gms:play-services-appinvite:10.0.1] AndroidManifest.xml:22:17-89
	android:name
		ADDED from [com.google.android.gms:play-services-appinvite:10.0.1] AndroidManifest.xml:22:25-87
category#android.intent.category.DEFAULT
ADDED from [com.google.android.gms:play-services-appinvite:10.0.1] AndroidManifest.xml:23:17-75
	android:name
		ADDED from [com.google.android.gms:play-services-appinvite:10.0.1] AndroidManifest.xml:23:27-73
activity#com.google.android.gms.auth.api.signin.internal.SignInHubActivity
ADDED from [com.google.android.gms:play-services-auth:10.0.1] AndroidManifest.xml:20:9-189
	android:excludeFromRecents
		ADDED from [com.google.android.gms:play-services-auth:10.0.1] AndroidManifest.xml:20:129-162
	android:exported
		ADDED from [com.google.android.gms:play-services-auth:10.0.1] AndroidManifest.xml:20:163-187
	android:theme
		ADDED from [com.google.android.gms:play-services-auth:10.0.1] AndroidManifest.xml:20:69-128
	android:name